[0516/194048.276:WARNING:content\browser\btm\btm_database.cc:128] Failed to initialize the DIPS SQLite database.
[0516/194048.308:ERROR:net\disk_cache\cache_util_win.cc:25] Unable to move the cache: Access is denied. (0x5)
[0516/194048.308:ERROR:net\disk_cache\cache_util_win.cc:25] Unable to move the cache: Access is denied. (0x5)
[0516/194048.310:ERROR:net\disk_cache\disk_cache.cc:284] Unable to create cache
[0516/194048.310:ERROR:gpu\ipc\host\gpu_disk_cache.cc:737] Gpu Cache Creation failed: -2
[0516/194048.310:ERROR:net\disk_cache\disk_cache.cc:284] Unable to create cache
[0516/194048.310:ERROR:gpu\ipc\host\gpu_disk_cache.cc:737] Gpu Cache Creation failed: -2
[0516/194048.325:ERROR:net\disk_cache\cache_util_win.cc:25] Unable to move the cache: Access is denied. (0x5)
[0516/194048.333:WARNING:content\browser\btm\btm_database.cc:128] Failed to initialize the DIPS SQLite database.
[0516/194048.324:ERROR:net\disk_cache\cache_util_win.cc:25] Unable to move the cache: Access is denied. (0x5)
[0516/194048.343:ERROR:net\disk_cache\cache_util_win.cc:25] Unable to move the cache: Access is denied. (0x5)
[0516/194048.328:ERROR:net\disk_cache\cache_util_win.cc:25] Unable to move the cache: Access is denied. (0x5)
[0516/194048.325:ERROR:net\disk_cache\cache_util_win.cc:25] Unable to move the cache: Access is denied. (0x5)
[0516/194048.347:ERROR:net\disk_cache\cache_util_win.cc:25] Unable to move the cache: Access is denied. (0x5)
[0516/194048.350:ERROR:net\disk_cache\disk_cache.cc:284] Unable to create cache
[0516/194048.324:ERROR:net\disk_cache\cache_util_win.cc:25] Unable to move the cache: Access is denied. (0x5)
[0516/194048.352:ERROR:gpu\ipc\host\gpu_disk_cache.cc:737] Gpu Cache Creation failed: -2
[0516/194048.352:ERROR:net\disk_cache\disk_cache.cc:284] Unable to create cache
[0516/194048.352:ERROR:gpu\ipc\host\gpu_disk_cache.cc:737] Gpu Cache Creation failed: -2
[0516/194048.330:WARNING:content\browser\btm\btm_database.cc:128] Failed to initialize the DIPS SQLite database.
[0516/194048.352:ERROR:net\disk_cache\disk_cache.cc:284] Unable to create cache
[0516/194048.352:ERROR:net\disk_cache\disk_cache.cc:284] Unable to create cache
[0516/194048.352:ERROR:gpu\ipc\host\gpu_disk_cache.cc:737] Gpu Cache Creation failed: -2
[0516/194048.352:ERROR:gpu\ipc\host\gpu_disk_cache.cc:737] Gpu Cache Creation failed: -2
[0516/194048.352:ERROR:net\disk_cache\disk_cache.cc:284] Unable to create cache
[0516/194048.352:ERROR:net\disk_cache\disk_cache.cc:284] Unable to create cache
[0516/194048.352:ERROR:gpu\ipc\host\gpu_disk_cache.cc:737] Gpu Cache Creation failed: -2
[0516/194048.352:ERROR:gpu\ipc\host\gpu_disk_cache.cc:737] Gpu Cache Creation failed: -2
[0516/194048.352:ERROR:net\disk_cache\disk_cache.cc:284] Unable to create cache
[0516/194048.352:ERROR:gpu\ipc\host\gpu_disk_cache.cc:737] Gpu Cache Creation failed: -2
[0516/194050.243:ERROR:components\services\storage\service_worker\service_worker_storage.cc:1814] Failed to delete the database: Database IO error
[0516/194050.328:WARNING:components\leveldb_proto\internal\leveldb_database.cc:124] Unable to open C:\Users\Xaid\Desktop\My_project\Job-Pilot\artifacts\api-server\.browser_data\Default\shared_proto_db\metadata: IO error: C:\Users\Xaid\Desktop\My_project\Job-Pilot\artifacts\api-server\.browser_data\Default\shared_proto_db\metadata/LOCK: Access denied. (ChromeMethodBFE: 15::LockFile::5)
[0516/194050.330:WARNING:components\leveldb_proto\internal\leveldb_database.cc:124] Unable to open C:\Users\Xaid\Desktop\My_project\Job-Pilot\artifacts\api-server\.browser_data\Default\shared_proto_db\metadata: IO error: C:\Users\Xaid\Desktop\My_project\Job-Pilot\artifacts\api-server\.browser_data\Default\shared_proto_db\metadata/LOCK: Access denied. (ChromeMethodBFE: 15::LockFile::5)
[0516/194050.375:WARNING:components\leveldb_proto\internal\leveldb_database.cc:124] Unable to open C:\Users\Xaid\Desktop\My_project\Job-Pilot\artifacts\api-server\.browser_data\Default\shared_proto_db\metadata: IO error: C:\Users\Xaid\Desktop\My_project\Job-Pilot\artifacts\api-server\.browser_data\Default\shared_proto_db\metadata/LOCK: Access denied. (ChromeMethodBFE: 15::LockFile::5)
[0516/194051.240:ERROR:components\services\storage\service_worker\service_worker_storage.cc:1814] Failed to delete the database: Database IO error
[0516/194051.287:ERROR:components\services\storage\service_worker\service_worker_storage.cc:1814] Failed to delete the database: Database IO error
[0516/194052.345:WARNING:components\leveldb_proto\internal\leveldb_database.cc:124] Unable to open C:\Users\Xaid\Desktop\My_project\Job-Pilot\artifacts\api-server\.browser_data\Default\shared_proto_db\metadata: IO error: C:\Users\Xaid\Desktop\My_project\Job-Pilot\artifacts\api-server\.browser_data\Default\shared_proto_db\metadata/LOCK: Access denied. (ChromeMethodBFE: 15::LockFile::5)
[0516/194052.361:WARNING:components\leveldb_proto\internal\leveldb_database.cc:124] Unable to open C:\Users\Xaid\Desktop\My_project\Job-Pilot\artifacts\api-server\.browser_data\Default\shared_proto_db\metadata: IO error: C:\Users\Xaid\Desktop\My_project\Job-Pilot\artifacts\api-server\.browser_data\Default\shared_proto_db\metadata/LOCK: Access denied. (ChromeMethodBFE: 15::LockFile::5)
[0516/194052.392:WARNING:components\leveldb_proto\internal\leveldb_database.cc:124] Unable to open C:\Users\Xaid\Desktop\My_project\Job-Pilot\artifacts\api-server\.browser_data\Default\shared_proto_db\metadata: IO error: C:\Users\Xaid\Desktop\My_project\Job-Pilot\artifacts\api-server\.browser_data\Default\shared_proto_db\metadata/LOCK: Access denied. (ChromeMethodBFE: 15::LockFile::5)
[0516/194054.358:WARNING:components\leveldb_proto\internal\leveldb_database.cc:124] Unable to open C:\Users\Xaid\Desktop\My_project\Job-Pilot\artifacts\api-server\.browser_data\Default\shared_proto_db\metadata: IO error: C:\Users\Xaid\Desktop\My_project\Job-Pilot\artifacts\api-server\.browser_data\Default\shared_proto_db\metadata/LOCK: Access denied. (ChromeMethodBFE: 15::LockFile::5)
[0516/194054.390:WARNING:components\leveldb_proto\internal\leveldb_database.cc:124] Unable to open C:\Users\Xaid\Desktop\My_project\Job-Pilot\artifacts\api-server\.browser_data\Default\shared_proto_db\metadata: IO error: C:\Users\Xaid\Desktop\My_project\Job-Pilot\artifacts\api-server\.browser_data\Default\shared_proto_db\metadata/LOCK: Access denied. (ChromeMethodBFE: 15::LockFile::5)
[0516/194054.405:WARNING:components\leveldb_proto\internal\leveldb_database.cc:124] Unable to open C:\Users\Xaid\Desktop\My_project\Job-Pilot\artifacts\api-server\.browser_data\Default\shared_proto_db\metadata: IO error: C:\Users\Xaid\Desktop\My_project\Job-Pilot\artifacts\api-server\.browser_data\Default\shared_proto_db\metadata/LOCK: Access denied. (ChromeMethodBFE: 15::LockFile::5)
[0516/194056.376:WARNING:components\leveldb_proto\internal\leveldb_database.cc:124] Unable to open C:\Users\Xaid\Desktop\My_project\Job-Pilot\artifacts\api-server\.browser_data\Default\shared_proto_db\metadata: IO error: C:\Users\Xaid\Desktop\My_project\Job-Pilot\artifacts\api-server\.browser_data\Default\shared_proto_db\metadata/LOCK: Access denied. (ChromeMethodBFE: 15::LockFile::5)
[0516/194056.409:WARNING:components\leveldb_proto\internal\leveldb_database.cc:124] Unable to open C:\Users\Xaid\Desktop\My_project\Job-Pilot\artifacts\api-server\.browser_data\Default\shared_proto_db\metadata: IO error: C:\Users\Xaid\Desktop\My_project\Job-Pilot\artifacts\api-server\.browser_data\Default\shared_proto_db\metadata/LOCK: Access denied. (ChromeMethodBFE: 15::LockFile::5)
[0516/194056.434:WARNING:components\leveldb_proto\internal\leveldb_database.cc:124] Unable to open C:\Users\Xaid\Desktop\My_project\Job-Pilot\artifacts\api-server\.browser_data\Default\shared_proto_db\metadata: IO error: C:\Users\Xaid\Desktop\My_project\Job-Pilot\artifacts\api-server\.browser_data\Default\shared_proto_db\metadata/LOCK: Access denied. (ChromeMethodBFE: 15::LockFile::5)
[0516/194100.190:INFO:CONSOLE:1] "Unsatisfied version 0 from react18_ifl7-shared of shared singleton module @emotion/styled/base (required ^11.11.0)", source: https://c03.s3.indeed.com/hpfe/indeedmobile-statics/s/24a16bcb2004a831/scripts/react18_ifl7/mobileSharedDeps.remoteEntry.24a16bcb2004a831.js (1)
[0516/194101.032:INFO:CONSOLE:1] "An error occurred! For more details, see the full error text at https://go.apollo.dev/c/err#%7B%22version%22%3A%223.14.0%22%2C%22message%22%3A104%2C%22args%22%3A%5B%22ApolloClient%22%2C%22name%22%2C%22Please%20use%20the%20%60clientAwareness.name%60%20option%20instead.%22%5D%7D", source: https://c03.s3.indeed.com/shared/react18_ifl7/174.982e4267028250d62ab5.js (1)
[0516/194101.033:INFO:CONSOLE:1] "An error occurred! For more details, see the full error text at https://go.apollo.dev/c/err#%7B%22version%22%3A%223.14.0%22%2C%22message%22%3A17%2C%22args%22%3A%5B%5D%7D", source: https://c03.s3.indeed.com/shared/react18_ifl7/174.982e4267028250d62ab5.js (1)
